[32m2026-07-21 01:51:04[0m [1;30mDEBUG[0m [32mCUDA_VISIBLE_DEVICES: [0m
[32m2026-07-21 01:51:04[0m [1;30mDEBUG[0m [32mPrimary GPU: 0[0m
[32m2026-07-21 01:51:04[0m [1;30mINFO[0m >>>>>>> testing start <<<<<<<
[32m2026-07-21 01:51:04[0m [1;30mINFO[0m Using batch_size=32 for training time test.
[32m2026-07-21 01:51:05[0m [1;30mDEBUG[0m [32mgetting train set of PhysioNet'12 in tsdm format[0m
[32m2026-07-21 01:51:08[0m [1;30mDEBUG[0m [32mself.configs.seq_len_max_irr=35[0m
[32m2026-07-21 01:51:08[0m [1;30mDEBUG[0m [32mself.configs.pred_len_max_irr=3[0m
[32m2026-07-21 01:51:09[0m [1;30mINFO[0m --- Training Step Time Test for APN_P12_soft_mass_seed2024 ---
[32m2026-07-21 01:51:41[0m [1;30mINFO[0m Total batches: 303. Warming up for 10 step(s)...

Warmup:   0%|          | 0/10 [00:00<?, ?it/s]
Warmup:  10%|█         | 1/10 [00:00<00:02,  4.26it/s]
Warmup: 100%|██████████| 10/10 [00:00<00:00, 31.03it/s]
[32m2026-07-21 01:51:41[0m [1;30mINFO[0m Testing for the remaining 100 step(s)...

Testing Train Time:   0%|          | 0/100 [00:00<?, ?it/s]
Testing Train Time:  10%|█         | 10/100 [00:00<00:00, 96.54it/s]
Testing Train Time:  23%|██▎       | 23/100 [00:00<00:00, 115.59it/s]
Testing Train Time:  38%|███▊      | 38/100 [00:00<00:00, 129.97it/s]
Testing Train Time:  55%|█████▌    | 55/100 [00:00<00:00, 143.08it/s]
Testing Train Time:  73%|███████▎  | 73/100 [00:00<00:00, 152.36it/s]
Testing Train Time:  89%|████████▉ | 89/100 [00:00<00:00, 152.74it/s]
Testing Train Time: 100%|██████████| 100/100 [00:00<00:00, 144.42it/s]
[32m2026-07-21 01:51:42[0m [1;30mINFO[0m Average training step time (based on 100 samples): 5.622 ms ± 1.430 ms
[32m2026-07-21 01:51:42[0m [1;30mINFO[0m -------------------------------------------------
