[32m2026-07-21 01:49:39[0m [1;30mDEBUG[0m [32mCUDA_VISIBLE_DEVICES: [0m
[32m2026-07-21 01:49:39[0m [1;30mDEBUG[0m [32mPrimary GPU: 0[0m
[32m2026-07-21 01:49:39[0m [1;30mINFO[0m >>>>>>> testing start <<<<<<<
[32m2026-07-21 01:49:39[0m [1;30mINFO[0m Using batch_size=32 for training time test.
[32m2026-07-21 01:49:40[0m [1;30mDEBUG[0m [32mgetting train set of PhysioNet'12 in tsdm format[0m
[32m2026-07-21 01:49:44[0m [1;30mDEBUG[0m [32mself.configs.seq_len_max_irr=35[0m
[32m2026-07-21 01:49:44[0m [1;30mDEBUG[0m [32mself.configs.pred_len_max_irr=3[0m
[32m2026-07-21 01:49:45[0m [1;30mINFO[0m --- Training Step Time Test for APN_P12_global_ratio_seed2024 ---
[32m2026-07-21 01:50:17[0m [1;30mINFO[0m Total batches: 303. Warming up for 10 step(s)...

Warmup:   0%|          | 0/10 [00:00<?, ?it/s]
Warmup:  10%|█         | 1/10 [00:00<00:02,  4.33it/s]
Warmup: 100%|██████████| 10/10 [00:00<00:00, 31.51it/s]
[32m2026-07-21 01:50:17[0m [1;30mINFO[0m Testing for the remaining 100 step(s)...

Testing Train Time:   0%|          | 0/100 [00:00<?, ?it/s]
Testing Train Time:  12%|█▏        | 12/100 [00:00<00:00, 114.03it/s]
Testing Train Time:  24%|██▍       | 24/100 [00:00<00:00, 116.80it/s]
Testing Train Time:  38%|███▊      | 38/100 [00:00<00:00, 126.83it/s]
Testing Train Time:  55%|█████▌    | 55/100 [00:00<00:00, 141.65it/s]
Testing Train Time:  74%|███████▍  | 74/100 [00:00<00:00, 156.19it/s]
Testing Train Time:  92%|█████████▏| 92/100 [00:00<00:00, 162.41it/s]
Testing Train Time: 100%|██████████| 100/100 [00:00<00:00, 151.17it/s]
[32m2026-07-21 01:50:18[0m [1;30mINFO[0m Average training step time (based on 100 samples): 5.230 ms ± 1.274 ms
[32m2026-07-21 01:50:18[0m [1;30mINFO[0m -------------------------------------------------
